======== Inverting-4 ========
new                          766 moves,        273 boards,      0.15 seconds,   193 microseconds per move,    solution length: 9 moves
                     IsUnsolvable::noclipping() took 0.01 seconds total
old                          766 moves,        273 boards,      0.14 seconds,   184 microseconds per move,    solution length: 9 moves
                     IsUnsolvable::noclipping() took 0.00 seconds total
======== Simple-2 ========
new                          201 moves,        172 boards,      0.05 seconds,   231 microseconds per move,    solution length: 7 moves
                     IsUnsolvable::noclipping() took 0.01 seconds total
old                          201 moves,        172 boards,      0.04 seconds,   220 microseconds per move,    solution length: 7 moves
                     IsUnsolvable::noclipping() took 0.00 seconds total
======== Inverting-5 ========
new                        8,678 moves,      2,614 boards,      2.77 seconds,   319 microseconds per move,    solution length: 10 moves
                     IsUnsolvable::noclipping() took 0.14 seconds total
old                        8,678 moves,      2,614 boards,      2.68 seconds,   308 microseconds per move,    solution length: 10 moves
                     IsUnsolvable::noclipping() took 0.09 seconds total
======== Blocks-9 ========
new                        6,909 moves,      2,990 boards,      1.46 seconds,   211 microseconds per move,    solution length: 11 moves
                     IsUnsolvable::noclipping() took 0.11 seconds total
old                        6,909 moves,      2,990 boards,      1.59 seconds,   229 microseconds per move,    solution length: 11 moves
                     IsUnsolvable::noclipping() took 0.29 seconds total
======== Inverting-6 ========
new                       17,418 moves,      6,099 boards,     13.90 seconds,   797 microseconds per move,    solution length: 14 moves
                     IsUnsolvable::noclipping() took 10.79 seconds total
old                       17,418 moves,      6,099 boards,     15.67 seconds,   899 microseconds per move,    solution length: 14 moves
                     IsUnsolvable::noclipping() took 11.84 seconds total
======== Multiplying-16 ========
new                       11,504 moves,      6,136 boards,      8.05 seconds,   699 microseconds per move,    solution length: 17 moves
                     IsUnsolvable::noclipping() took 4.74 seconds total
old                       11,504 moves,      6,136 boards,              5:04,   26502 microseconds per move,    solution length: 17 moves
                     IsUnsolvable::noclipping() took 301.40 seconds total
